2025-03-03 07:13:01,359 [INFO] __main__: Logging is configured!
2025-03-03 07:13:01,669 [INFO] __mp_main__: Logging is configured!
2025-03-03 07:13:01,700 [INFO] main: Logging is configured!
2025-03-03 07:13:01,799 [INFO] watchfiles.main: 4 changes detected
2025-03-03 07:13:02,151 [INFO] watchfiles.main: 1 change detected
2025-03-03 07:13:02,502 [INFO] watchfiles.main: 1 change detected
2025-03-03 07:13:02,853 [INFO] watchfiles.main: 1 change detected
2025-03-03 07:13:03,204 [INFO] watchfiles.main: 1 change detected
2025-03-03 07:13:03,555 [INFO] watchfiles.main: 1 change detected
2025-03-03 07:13:03,907 [INFO] watchfiles.main: 1 change detected
2025-03-03 07:13:04,258 [INFO] watchfiles.main: 1 change detected
2025-03-03 07:13:04,609 [INFO] watchfiles.main: 1 change detected
2025-03-03 07:13:04,960 [INFO] watchfiles.main: 1 change detected
2025-03-03 07:13:05,311 [INFO] watchfiles.main: 1 change detected
2025-03-03 07:13:05,662 [INFO] watchfiles.main: 1 change detected
2025-03-03 07:13:06,013 [INFO] watchfiles.main: 1 change detected
2025-03-03 07:13:06,364 [INFO] watchfiles.main: 1 change detected
2025-03-03 07:13:06,715 [INFO] watchfiles.main: 1 change detected
2025-03-03 07:13:07,066 [INFO] watchfiles.main: 1 change detected
2025-03-03 07:13:07,417 [INFO] watchfiles.main: 1 change detected
2025-03-03 07:13:07,768 [INFO] watchfiles.main: 1 change detected
2025-03-03 07:13:08,120 [INFO] watchfiles.main: 1 change detected
2025-03-03 07:13:08,471 [INFO] watchfiles.main: 1 change detected
2025-03-03 07:14:14,460 [INFO] watchfiles.main: 3 changes detected
2025-03-03 07:14:14,812 [INFO] watchfiles.main: 1 change detected
2025-03-03 07:14:15,163 [INFO] watchfiles.main: 1 change detected
2025-03-03 07:14:15,514 [INFO] watchfiles.main: 1 change detected
2025-03-03 07:14:15,865 [INFO] watchfiles.main: 1 change detected
2025-03-03 07:14:16,216 [INFO] watchfiles.main: 1 change detected
2025-03-03 07:14:16,567 [INFO] watchfiles.main: 1 change detected
2025-03-03 07:14:16,918 [INFO] watchfiles.main: 1 change detected
2025-03-03 07:14:17,269 [INFO] watchfiles.main: 1 change detected
2025-03-03 07:14:17,621 [INFO] watchfiles.main: 1 change detected
2025-03-03 07:14:17,972 [INFO] watchfiles.main: 1 change detected
2025-03-03 07:14:18,323 [INFO] watchfiles.main: 1 change detected
2025-03-03 07:14:18,674 [INFO] watchfiles.main: 1 change detected
2025-03-03 07:14:19,025 [INFO] watchfiles.main: 1 change detected
2025-03-03 07:14:19,376 [INFO] watchfiles.main: 1 change detected
2025-03-03 07:14:19,727 [INFO] watchfiles.main: 1 change detected
2025-03-03 07:14:20,078 [INFO] watchfiles.main: 1 change detected
2025-03-03 07:14:20,429 [INFO] watchfiles.main: 1 change detected
2025-03-03 07:14:20,780 [INFO] watchfiles.main: 1 change detected
2025-03-03 07:14:21,131 [INFO] watchfiles.main: 1 change detected
2025-03-03 07:14:21,482 [INFO] watchfiles.main: 1 change detected
2025-03-03 07:14:21,833 [INFO] watchfiles.main: 1 change detected
2025-03-03 07:14:22,184 [INFO] watchfiles.main: 1 change detected
2025-03-03 07:14:22,535 [INFO] watchfiles.main: 1 change detected
2025-03-03 07:14:22,886 [INFO] watchfiles.main: 1 change detected
2025-03-03 07:14:23,237 [INFO] watchfiles.main: 1 change detected
2025-03-03 07:14:23,588 [INFO] watchfiles.main: 1 change detected
2025-03-03 07:14:23,939 [INFO] watchfiles.main: 1 change detected
2025-03-03 07:14:24,290 [INFO] watchfiles.main: 1 change detected
2025-03-03 07:14:24,641 [INFO] watchfiles.main: 1 change detected
2025-03-03 07:14:24,992 [INFO] watchfiles.main: 1 change detected
2025-03-03 07:14:25,343 [INFO] watchfiles.main: 1 change detected
2025-03-03 07:14:25,694 [INFO] watchfiles.main: 1 change detected
2025-03-03 07:14:26,045 [INFO] watchfiles.main: 1 change detected
2025-03-03 07:14:26,396 [INFO] watchfiles.main: 1 change detected
2025-03-03 07:14:26,747 [INFO] watchfiles.main: 1 change detected
2025-03-03 07:14:27,098 [INFO] watchfiles.main: 1 change detected
2025-03-03 07:14:27,448 [INFO] watchfiles.main: 1 change detected
2025-03-03 07:14:27,799 [INFO] watchfiles.main: 1 change detected
2025-03-03 07:14:28,150 [INFO] watchfiles.main: 1 change detected
2025-03-03 07:14:28,501 [INFO] watchfiles.main: 1 change detected
2025-03-03 07:14:28,852 [INFO] watchfiles.main: 1 change detected
2025-03-03 07:14:29,203 [INFO] watchfiles.main: 1 change detected
2025-03-03 07:14:29,555 [INFO] watchfiles.main: 1 change detected
2025-03-03 07:14:29,906 [INFO] watchfiles.main: 1 change detected
2025-03-03 07:14:30,256 [INFO] watchfiles.main: 1 change detected
2025-03-03 07:14:30,608 [INFO] watchfiles.main: 1 change detected
2025-03-03 07:14:30,959 [INFO] watchfiles.main: 1 change detected
2025-03-03 07:14:31,310 [INFO] watchfiles.main: 1 change detected
2025-03-03 07:14:31,661 [INFO] watchfiles.main: 1 change detected
2025-03-03 07:14:32,012 [INFO] watchfiles.main: 1 change detected
2025-03-03 07:14:32,363 [INFO] watchfiles.main: 1 change detected
2025-03-03 07:14:32,714 [INFO] watchfiles.main: 1 change detected
2025-03-03 07:14:33,065 [INFO] watchfiles.main: 1 change detected
2025-03-03 07:14:33,416 [INFO] watchfiles.main: 1 change detected
2025-03-03 07:14:33,766 [INFO] watchfiles.main: 1 change detected
2025-03-03 07:14:34,117 [INFO] watchfiles.main: 1 change detected
2025-03-03 07:14:34,468 [INFO] watchfiles.main: 1 change detected
2025-03-03 07:14:34,819 [INFO] watchfiles.main: 1 change detected
2025-03-03 07:14:35,171 [INFO] watchfiles.main: 1 change detected
2025-03-03 07:14:35,522 [INFO] watchfiles.main: 1 change detected
2025-03-03 07:14:35,873 [INFO] watchfiles.main: 1 change detected
2025-03-03 07:14:36,224 [INFO] watchfiles.main: 1 change detected
2025-03-03 07:14:36,575 [INFO] watchfiles.main: 1 change detected
2025-03-03 07:14:36,927 [INFO] watchfiles.main: 1 change detected
2025-03-03 07:14:37,278 [INFO] watchfiles.main: 1 change detected
2025-03-03 07:14:37,629 [INFO] watchfiles.main: 1 change detected
2025-03-03 07:14:37,980 [INFO] watchfiles.main: 1 change detected
2025-03-03 07:14:38,331 [INFO] watchfiles.main: 1 change detected
2025-03-03 07:14:38,682 [INFO] watchfiles.main: 1 change detected
2025-03-03 07:14:39,033 [INFO] watchfiles.main: 1 change detected
2025-03-03 07:14:39,384 [INFO] watchfiles.main: 1 change detected
2025-03-03 07:14:39,735 [INFO] watchfiles.main: 1 change detected
2025-03-03 07:14:40,086 [INFO] watchfiles.main: 1 change detected
2025-03-03 07:14:40,437 [INFO] watchfiles.main: 1 change detected
2025-03-03 07:14:40,788 [INFO] watchfiles.main: 1 change detected
2025-03-03 07:14:41,139 [INFO] watchfiles.main: 1 change detected
2025-03-03 07:14:41,489 [INFO] watchfiles.main: 1 change detected
2025-03-03 07:14:41,840 [INFO] watchfiles.main: 1 change detected
2025-03-03 07:14:42,192 [INFO] watchfiles.main: 1 change detected
2025-03-03 07:14:42,542 [INFO] watchfiles.main: 1 change detected
2025-03-03 07:14:42,893 [INFO] watchfiles.main: 1 change detected
2025-03-03 07:14:43,244 [INFO] watchfiles.main: 1 change detected
2025-03-03 07:14:43,595 [INFO] watchfiles.main: 1 change detected
2025-03-03 07:14:43,946 [INFO] watchfiles.main: 1 change detected
2025-03-03 07:14:44,297 [INFO] watchfiles.main: 1 change detected
2025-03-03 07:14:44,648 [INFO] watchfiles.main: 1 change detected
2025-03-03 07:14:44,999 [INFO] watchfiles.main: 1 change detected
2025-03-03 07:14:45,350 [INFO] watchfiles.main: 1 change detected
2025-03-03 07:14:45,701 [INFO] watchfiles.main: 1 change detected
2025-03-03 07:14:46,052 [INFO] watchfiles.main: 1 change detected
2025-03-03 07:14:46,403 [INFO] watchfiles.main: 1 change detected
2025-03-03 07:14:46,754 [INFO] watchfiles.main: 1 change detected
2025-03-03 07:14:47,105 [INFO] watchfiles.main: 1 change detected
2025-03-03 07:14:47,456 [INFO] watchfiles.main: 1 change detected
2025-03-03 07:14:47,807 [INFO] watchfiles.main: 1 change detected
2025-03-03 07:14:48,159 [INFO] watchfiles.main: 1 change detected
2025-03-03 07:14:48,510 [INFO] watchfiles.main: 1 change detected
2025-03-03 07:14:48,860 [INFO] watchfiles.main: 1 change detected
2025-03-03 07:14:49,211 [INFO] watchfiles.main: 1 change detected
2025-03-03 07:14:49,562 [INFO] watchfiles.main: 1 change detected
2025-03-03 07:14:49,913 [INFO] watchfiles.main: 1 change detected
2025-03-03 07:14:50,263 [INFO] watchfiles.main: 1 change detected
2025-03-03 07:14:50,614 [INFO] watchfiles.main: 1 change detected
2025-03-03 07:14:50,965 [INFO] watchfiles.main: 1 change detected
2025-03-03 07:14:51,316 [INFO] watchfiles.main: 1 change detected
2025-03-03 07:14:51,667 [INFO] watchfiles.main: 1 change detected
2025-03-03 07:14:52,017 [INFO] watchfiles.main: 1 change detected
2025-03-03 07:14:52,368 [INFO] watchfiles.main: 1 change detected
2025-03-03 07:14:52,719 [INFO] watchfiles.main: 1 change detected
2025-03-03 07:14:53,070 [INFO] watchfiles.main: 1 change detected
2025-03-03 07:14:53,421 [INFO] watchfiles.main: 1 change detected
2025-03-03 07:14:53,772 [INFO] watchfiles.main: 1 change detected
2025-03-03 07:14:54,122 [INFO] watchfiles.main: 1 change detected
2025-03-03 07:14:54,474 [INFO] watchfiles.main: 1 change detected
2025-03-03 07:14:54,825 [INFO] watchfiles.main: 1 change detected
2025-03-03 07:14:55,177 [INFO] watchfiles.main: 1 change detected
2025-03-03 07:14:55,528 [INFO] watchfiles.main: 1 change detected
2025-03-03 07:14:55,879 [INFO] watchfiles.main: 1 change detected
2025-03-03 07:14:56,230 [INFO] watchfiles.main: 1 change detected
2025-03-03 07:14:56,581 [INFO] watchfiles.main: 1 change detected
2025-03-03 07:14:56,932 [INFO] watchfiles.main: 1 change detected
2025-03-03 07:14:57,283 [INFO] watchfiles.main: 1 change detected
2025-03-03 07:14:57,634 [INFO] watchfiles.main: 1 change detected
2025-03-03 07:14:57,985 [INFO] watchfiles.main: 1 change detected
2025-03-03 07:14:58,336 [INFO] watchfiles.main: 1 change detected
2025-03-03 07:14:58,687 [INFO] watchfiles.main: 1 change detected
2025-03-03 07:14:59,038 [INFO] watchfiles.main: 1 change detected
2025-03-03 07:14:59,389 [INFO] watchfiles.main: 1 change detected
2025-03-03 07:14:59,740 [INFO] watchfiles.main: 1 change detected
2025-03-03 07:15:00,091 [INFO] watchfiles.main: 1 change detected
2025-03-03 07:15:00,442 [INFO] watchfiles.main: 1 change detected
2025-03-03 07:15:00,794 [INFO] watchfiles.main: 1 change detected
2025-03-03 07:15:01,145 [INFO] watchfiles.main: 1 change detected
2025-03-03 07:15:01,496 [INFO] watchfiles.main: 1 change detected
2025-03-03 07:15:01,846 [INFO] watchfiles.main: 1 change detected
2025-03-03 07:15:02,198 [INFO] watchfiles.main: 1 change detected
2025-03-03 07:15:02,549 [INFO] watchfiles.main: 1 change detected
2025-03-03 07:15:02,900 [INFO] watchfiles.main: 1 change detected
2025-03-03 07:15:03,251 [INFO] watchfiles.main: 1 change detected
2025-03-03 07:15:03,602 [INFO] watchfiles.main: 1 change detected
2025-03-03 07:15:03,953 [INFO] watchfiles.main: 1 change detected
2025-03-03 07:15:04,304 [INFO] watchfiles.main: 1 change detected
2025-03-03 07:15:04,655 [INFO] watchfiles.main: 1 change detected
2025-03-03 07:15:05,006 [INFO] watchfiles.main: 1 change detected
2025-03-03 07:15:05,357 [INFO] watchfiles.main: 1 change detected
2025-03-03 07:15:05,708 [INFO] watchfiles.main: 1 change detected
2025-03-03 07:15:06,059 [INFO] watchfiles.main: 1 change detected
2025-03-03 07:15:06,410 [INFO] watchfiles.main: 1 change detected
2025-03-03 07:15:06,762 [INFO] watchfiles.main: 1 change detected
2025-03-03 07:15:07,113 [INFO] watchfiles.main: 1 change detected
2025-03-03 07:15:07,464 [INFO] watchfiles.main: 1 change detected
2025-03-03 07:15:07,815 [INFO] watchfiles.main: 1 change detected
2025-03-03 07:15:08,167 [INFO] watchfiles.main: 1 change detected
2025-03-03 07:15:08,518 [INFO] watchfiles.main: 1 change detected
2025-03-03 07:15:08,869 [INFO] watchfiles.main: 1 change detected
